<?xml version="1.0" encoding="utf-8"?>
<scenario xmlns="urn:perfcake:scenario:5.0">
   <generator class="DefaultMessageGenerator" threads="10">
      <run type="time" value="10000"/>
      <property name="senderTaskQueueSize" value="5000"/>
   </generator>
   <sender class="DummySender">
      <property name="target" value="Out there!"/>
   </sender>
   <reporting>
      <reporter class="DummyReporter">
         <destination class="DummyDestination">
            <period type="time" value="1000"/>
         </destination>
      </reporter>
   </reporting>
   <messages>
      <message uri="message1.xml"/>
   </messages>
</scenario>
