<?xml version="1.0" encoding="utf-8"?>
<scenario xmlns="urn:perfcake:scenario:4.0">
    <generator class="DefaultMessageGenerator" threads="1">
        <run type="time" value="5000"/>
    </generator>
    <sender class="DummySender">
        <property name="target" value="Out there!"/>
    </sender>
    <reporting>
        <reporter class="DummyReporter">
            <destination class="DummyDestination">
                <period type="time" value="1000"/>
            </destination>
        </reporter>
    </reporting>
    <messages>
        <message uri="message2.txt">
            <validatorRef id="v1"/>
        </message>
    </messages>
    <validation>
        <validator id="v1" class="DummyValidator"/>
    </validation>
</scenario>


        <!--<?xml version="1.0" encoding="utf-8"?>-->
<!--<scenario xmlns="urn:perfcake:scenario:3.0">-->
   <!--<generator class="DefaultMessageGenerator" threads="1">-->
      <!--<run type="time" value="5000"/>-->
   <!--</generator>-->
   <!--<sender class="DummySender">-->
      <!--<property name="target" value="Out there!"/>-->
   <!--</sender>-->
   <!--<reporting>-->
      <!--<reporter class="DummyReporter">-->
         <!--<destination class="DummyDestination">-->
            <!--<period type="time" value="1000"/>-->
         <!--</destination>-->
      <!--</reporter>-->
   <!--</reporting>-->
   <!--<messages>-->
      <!--<message uri="message2.txt">-->
         <!--<validatorRef id="dv1"/>-->
      <!--</message>-->
      <!--<message uri="message1.xml" multiplicity="10">-->
          <!--<header name="m_header1" value="m_h_value1"/>-->
          <!--<property name="m_property1" value="m_p_value1"/>-->
          <!--<validatorRef id="dv2"/>-->
          <!--<validatorRef id="dv1"/>-->
      <!--</message>-->
      <!--<message uri="message3.txt" multiplicity="5">-->
          <!--<validatorRef id="rev"/>-->
          <!--<validatorRef id="dv2"/>-->
      <!--</message>-->
      <!--<message uri="message1.xml" content="message-content-4"/>-->
   <!--</messages>-->
   <!--<validation>-->
      <!--<validator id="dv1" class="DummyValidator"/>-->
      <!--<validator id="dv2" class="DummyValidator"/>-->
      <!--<validator id="rev" class="RegExpValidator">-->
          <!--<property name="pattern" value=".*fish.*"/>-->
      <!--</validator>-->
   <!--</validation>-->
<!--</scenario>-->